<html xmlns:math="http://exslt.org/math" xmlns:testng="http://testng.org">
   <head>
      <title>TestNG Results</title>
      <meta http-equiv="content-type" content="text/html; charset=utf-8"></meta>
      <meta http-equiv="pragma" content="no-cache"></meta>
      <meta http-equiv="cache-control" content="max-age=0"></meta>
      <meta http-equiv="cache-control" content="no-cache"></meta>
      <meta http-equiv="cache-control" content="no-store"></meta>
      <LINK rel="stylesheet" href="style.css"></LINK>
      <script type="text/javascript" src="main.js"></script>
   </head>
   <body>
      <table width="100%" style="font-size: 16px; margin-bottom: 10px;" cellspacing="1">
         <tr>
            <td width="100%">
               All methods in suite
               
               <b>Default suite</b>
            </td>
            <td style="background-color: #FFBBBB; padding: 3px 3px 3px 0;" align="center">
               <div style="width: 50px;">1</div>
            </td>
            <td style="background-color: lightgreen; padding: 3px 3px 3px 0;" align="center">
               <div style="width: 50px;">1</div>
            </td>
            <td style="background-color: #FFFFBB; padding: 3px 3px 3px 0;" align="center">
               <div style="width: 50px;">4</div>
            </td>
            <td align="center" style="background-color: #eaf0f7; padding: 3px 3px 3px 0;">
               <div style="width: 50px;">6</div>
            </td>
            <td align="center"
                style="font-weight: bold; background-color: #eaf0f7; padding: 3px 3px 3px 0;">
               <div style="width: 50px;">17%</div>
            </td>
         </tr>
      </table>
      <div style="width: 200px;">
         <label for="groupMethodsCheckBox" style="font-weight: bold; margin: 0;">
            <input id="groupMethodsCheckBox" type="checkbox" onclick="switchTestMethodsView(this)"></input>
            Group by class
            
         </label>
         <br></br>
         <label for="methodsFilter_ALL" style="font-weight: bold; margin: 0;">
            <input id="methodsFilter_ALL" type="checkbox"
                   onclick="testMethodsFilterChanged(this, 'ALL')"></input>
            All
            
         </label>
      </div>
      <label for="methodsFilter_FAIL" style="margin-left: 20px;">
         <input id="methodsFilter_FAIL" type="checkbox"
                onclick="testMethodsFilterChanged(this, 'FAIL')"
                checked=""></input>
         Failed
         
      </label>
      <label for="methodsFilter_PASS">
         <input id="methodsFilter_PASS" type="checkbox"
                onclick="testMethodsFilterChanged(this, 'PASS')"
                checked=""></input>
         Passed
         
      </label>
      <label for="methodsFilter_SKIP">
         <input id="methodsFilter_SKIP" type="checkbox"
                onclick="testMethodsFilterChanged(this, 'SKIP')"
                checked=""></input>
         Skipped
         
      </label>
      <label for="methodsFilter_CONF">
         <input id="methodsFilter_CONF" type="checkbox"
                onclick="testMethodsFilterChanged(this, 'CONF')"></input>
         Config
         
      </label>
      <br></br>
      <div id="testMethodsByStatus">
         <table class="testMethodsTable" cellpadding="0" cellspacing="0">
            <tr class="methodsTableHeader">
               <td width="100%">Name</td>
               <td nowrap="true">Started</td>
               <td nowrap="true">Duration</td>
               <td>Exception</td>
            </tr>
            <tr id="com.volley.yinhe.testCase.CheckBuyCourse_testLogin_byStatus_failed_FAIL1_row"
                class="testMethodStatusFAIL">
               <td width="100%" class="firstMethodCell">
                  <a onclick="toggleDetailsVisibility('com.volley.yinhe.testCase.CheckBuyCourse_testLogin_byStatus_failed_FAIL1_details')">testLogin()</a>
               </td>
               <td nowrap="true">06:03:41</td>
               <td nowrap="true" align="right">0 ms
                  
               </td>
               <td nowrap="true">
                  <a onclick="toggleDetailsVisibility('com.volley.yinhe.testCase.CheckBuyCourse_testLogin_byStatus_failed_FAIL1_exception')">org.testng.TestNGException: 
                     
                     Parameter 'username' is required by @Test on method testLogin but has not been marked @Optional or defined
                     in C:\Users\孔姐\AppData\Local\Temp\testng-eclipse-1522826655\testng-customsuite.xml
                     
                  </a>
                   
                  
               </td>
            </tr>
            <tr>
               <td colspan="4"
                   style="padding: 0; background-color: white; border-style: none; height: 0px;">
                  <div id="com.volley.yinhe.testCase.CheckBuyCourse_testLogin_byStatus_failed_FAIL1_details"
                       class="testMethodDetails">
                     <div>
                        <b>Name:
                           
                        </b>testLogin
                     </div>
                     <div>
                        <b>Signature:
                           
                        </b>testLogin(java.lang.String, java.lang.String)[pri:0, instance:com.volley.yinhe.testCase.CheckBuyCourse@581ac8a8]
                     </div>
                     <div>
                        <b>Start time:
                           
                        </b>06:03:41
                     </div>
                     <div>
                        <b>End time:
                           
                        </b>06:03:41
                     </div>
                     <div>
                        <b>Duration:
                           
                        </b>0 ms
                        
                     </div>
                     <div>
                        <b>Depends on methods:
                           
                        </b>
                        <div>
                               -
                           com.volley.yinhe.testCase.CheckBuyCourse.getLoginHome
                        </div>
                     </div>
                  </div>
               </td>
            </tr>
            <tr>
               <td colspan="4"
                   style="padding: 0; background-color: white; border-style: none; height: 0px;">
                  <div id="com.volley.yinhe.testCase.CheckBuyCourse_testLogin_byStatus_failed_FAIL1_exception"
                       class="testMethodDetails">
                     <pre style="padding: 5px; margin: 0;">org.testng.TestNGException: 
                        Parameter 'username' is required by @Test on method testLogin but has not been marked @Optional or defined
                        in C:\Users\孔姐\AppData\Local\Temp\testng-eclipse-1522826655\testng-customsuite.xml
                        at org.testng.internal.Parameters.createParams(Parameters.java:290)
                        at org.testng.internal.Parameters.createParametersForMethod(Parameters.java:359)
                        at org.testng.internal.Parameters.createParameters(Parameters.java:620)
                        at org.testng.internal.Parameters.handleParameters(Parameters.java:769)
                        at org.testng.internal.ParameterHandler.handleParameters(ParameterHandler.java:49)
                        at org.testng.internal.ParameterHandler.createParameters(ParameterHandler.java:37)
                        at org.testng.internal.Invoker.invokeTestMethods(Invoker.java:924)
                        at org.testng.internal.TestMethodWorker.invokeTestMethods(TestMethodWorker.java:125)
                        at org.testng.internal.TestMethodWorker.run(TestMethodWorker.java:109)
                        at org.testng.TestRunner.privateRun(TestRunner.java:648)
                        at org.testng.TestRunner.run(TestRunner.java:505)
                        at org.testng.SuiteRunner.runTest(SuiteRunner.java:455)
                        at org.testng.SuiteRunner.runSequentially(SuiteRunner.java:450)
                        at org.testng.SuiteRunner.privateRun(SuiteRunner.java:415)
                        at org.testng.SuiteRunner.run(SuiteRunner.java:364)
                        at org.testng.SuiteRunnerWorker.runSuite(SuiteRunnerWorker.java:52)
                        at org.testng.SuiteRunnerWorker.run(SuiteRunnerWorker.java:84)
                        at org.testng.TestNG.runSuitesSequentially(TestNG.java:1208)
                        at org.testng.TestNG.runSuitesLocally(TestNG.java:1137)
                        at org.testng.TestNG.runSuites(TestNG.java:1049)
                        at org.testng.TestNG.run(TestNG.java:1017)
                        at org.testng.remote.AbstractRemoteTestNG.run(AbstractRemoteTestNG.java:114)
                        at org.testng.remote.RemoteTestNG.initAndRun(RemoteTestNG.java:251)
                        at org.testng.remote.RemoteTestNG.main(RemoteTestNG.java:77)
                     </pre>
                  </div>
               </td>
            </tr>
            <tr id="com.volley.yinhe.testCase.CheckBuyCourse_getLoginHome_byStatus_passed_PASS1_row"
                class="testMethodStatusPASS">
               <td width="100%" class="firstMethodCell">
                  <a onclick="toggleDetailsVisibility('com.volley.yinhe.testCase.CheckBuyCourse_getLoginHome_byStatus_passed_PASS1_details')">getLoginHome()</a>
               </td>
               <td nowrap="true">06:03:22</td>
               <td nowrap="true" align="right">18s
                  
               </td>
               <td nowrap="true">
                   
                  
               </td>
            </tr>
            <tr>
               <td colspan="4"
                   style="padding: 0; background-color: white; border-style: none; height: 0px;">
                  <div id="com.volley.yinhe.testCase.CheckBuyCourse_getLoginHome_byStatus_passed_PASS1_details"
                       class="testMethodDetails">
                     <div>
                        <b>Name:
                           
                        </b>getLoginHome
                     </div>
                     <div>
                        <b>Signature:
                           
                        </b>getLoginHome()[pri:0, instance:com.volley.yinhe.testCase.CheckBuyCourse@581ac8a8]
                     </div>
                     <div>
                        <b>Start time:
                           
                        </b>06:03:22
                     </div>
                     <div>
                        <b>End time:
                           
                        </b>06:03:40
                     </div>
                     <div>
                        <b>Duration:
                           
                        </b>18s
                        
                     </div>
                  </div>
               </td>
            </tr>
            <tr></tr>
            <tr id="com.volley.yinhe.testCase.CheckBuyCourse_addCart_byStatus_skiped_SKIP1_row"
                class="testMethodStatusSKIP">
               <td width="100%" class="firstMethodCell">
                  <a onclick="toggleDetailsVisibility('com.volley.yinhe.testCase.CheckBuyCourse_addCart_byStatus_skiped_SKIP1_details')">addCart()</a>
               </td>
               <td nowrap="true">06:03:42</td>
               <td nowrap="true" align="right">0 ms
                  
               </td>
               <td nowrap="true">
                  <a onclick="toggleDetailsVisibility('com.volley.yinhe.testCase.CheckBuyCourse_addCart_byStatus_skiped_SKIP1_exception')">java.lang.Throwable: 
                     Method CheckBuyCourse.addCart()[pri:0, instance:com.volley.yinhe.testCase.CheckBuyCourse@581ac8a8] depends on not successfully
                     finished methods
                     
                  </a>
                   
                  
               </td>
            </tr>
            <tr>
               <td colspan="4"
                   style="padding: 0; background-color: white; border-style: none; height: 0px;">
                  <div id="com.volley.yinhe.testCase.CheckBuyCourse_addCart_byStatus_skiped_SKIP1_details"
                       class="testMethodDetails">
                     <div>
                        <b>Name:
                           
                        </b>addCart
                     </div>
                     <div>
                        <b>Signature:
                           
                        </b>addCart()[pri:0, instance:com.volley.yinhe.testCase.CheckBuyCourse@581ac8a8]
                     </div>
                     <div>
                        <b>Start time:
                           
                        </b>06:03:42
                     </div>
                     <div>
                        <b>End time:
                           
                        </b>06:03:42
                     </div>
                     <div>
                        <b>Duration:
                           
                        </b>0 ms
                        
                     </div>
                     <div>
                        <b>Depends on methods:
                           
                        </b>
                        <div>
                               -
                           com.volley.yinhe.testCase.CheckBuyCourse.testLogin
                        </div>
                     </div>
                  </div>
               </td>
            </tr>
            <tr>
               <td colspan="4"
                   style="padding: 0; background-color: white; border-style: none; height: 0px;">
                  <div id="com.volley.yinhe.testCase.CheckBuyCourse_addCart_byStatus_skiped_SKIP1_exception"
                       class="testMethodDetails">
                     <pre style="padding: 5px; margin: 0;">java.lang.Throwable: Method CheckBuyCourse.addCart()[pri:0, instance:com.volley.yinhe.testCase.CheckBuyCourse@581ac8a8] depends
                        on not successfully finished methods
                        at org.testng.internal.Invoker.invokeTestMethods(Invoker.java:888)
                        at org.testng.internal.TestMethodWorker.invokeTestMethods(TestMethodWorker.java:125)
                        at org.testng.internal.TestMethodWorker.run(TestMethodWorker.java:109)
                        at org.testng.TestRunner.privateRun(TestRunner.java:648)
                        at org.testng.TestRunner.run(TestRunner.java:505)
                        at org.testng.SuiteRunner.runTest(SuiteRunner.java:455)
                        at org.testng.SuiteRunner.runSequentially(SuiteRunner.java:450)
                        at org.testng.SuiteRunner.privateRun(SuiteRunner.java:415)
                        at org.testng.SuiteRunner.run(SuiteRunner.java:364)
                        at org.testng.SuiteRunnerWorker.runSuite(SuiteRunnerWorker.java:52)
                        at org.testng.SuiteRunnerWorker.run(SuiteRunnerWorker.java:84)
                        at org.testng.TestNG.runSuitesSequentially(TestNG.java:1208)
                        at org.testng.TestNG.runSuitesLocally(TestNG.java:1137)
                        at org.testng.TestNG.runSuites(TestNG.java:1049)
                        at org.testng.TestNG.run(TestNG.java:1017)
                        at org.testng.remote.AbstractRemoteTestNG.run(AbstractRemoteTestNG.java:114)
                        at org.testng.remote.RemoteTestNG.initAndRun(RemoteTestNG.java:251)
                        at org.testng.remote.RemoteTestNG.main(RemoteTestNG.java:77)
                     </pre>
                  </div>
               </td>
            </tr>
            <tr id="com.volley.yinhe.testCase.CheckBuyCourse_goToCheck_byStatus_skiped_SKIP2_row"
                class="testMethodStatusSKIP">
               <td width="100%" class="firstMethodCell">
                  <a onclick="toggleDetailsVisibility('com.volley.yinhe.testCase.CheckBuyCourse_goToCheck_byStatus_skiped_SKIP2_details')">goToCheck()</a>
               </td>
               <td nowrap="true">06:03:42</td>
               <td nowrap="true" align="right">0 ms
                  
               </td>
               <td nowrap="true">
                  <a onclick="toggleDetailsVisibility('com.volley.yinhe.testCase.CheckBuyCourse_goToCheck_byStatus_skiped_SKIP2_exception')">java.lang.Throwable: 
                     Method CheckBuyCourse.goToCheck()[pri:0, instance:com.volley.yinhe.testCase.CheckBuyCourse@581ac8a8] depends on not successfully
                     finished methods
                     
                  </a>
                   
                  
               </td>
            </tr>
            <tr>
               <td colspan="4"
                   style="padding: 0; background-color: white; border-style: none; height: 0px;">
                  <div id="com.volley.yinhe.testCase.CheckBuyCourse_goToCheck_byStatus_skiped_SKIP2_details"
                       class="testMethodDetails">
                     <div>
                        <b>Name:
                           
                        </b>goToCheck
                     </div>
                     <div>
                        <b>Signature:
                           
                        </b>goToCheck()[pri:0, instance:com.volley.yinhe.testCase.CheckBuyCourse@581ac8a8]
                     </div>
                     <div>
                        <b>Start time:
                           
                        </b>06:03:42
                     </div>
                     <div>
                        <b>End time:
                           
                        </b>06:03:42
                     </div>
                     <div>
                        <b>Duration:
                           
                        </b>0 ms
                        
                     </div>
                     <div>
                        <b>Depends on methods:
                           
                        </b>
                        <div>
                               -
                           com.volley.yinhe.testCase.CheckBuyCourse.addCart
                        </div>
                     </div>
                  </div>
               </td>
            </tr>
            <tr>
               <td colspan="4"
                   style="padding: 0; background-color: white; border-style: none; height: 0px;">
                  <div id="com.volley.yinhe.testCase.CheckBuyCourse_goToCheck_byStatus_skiped_SKIP2_exception"
                       class="testMethodDetails">
                     <pre style="padding: 5px; margin: 0;">java.lang.Throwable: Method CheckBuyCourse.goToCheck()[pri:0, instance:com.volley.yinhe.testCase.CheckBuyCourse@581ac8a8]
                        depends on not successfully finished methods
                        at org.testng.internal.Invoker.invokeTestMethods(Invoker.java:888)
                        at org.testng.internal.TestMethodWorker.invokeTestMethods(TestMethodWorker.java:125)
                        at org.testng.internal.TestMethodWorker.run(TestMethodWorker.java:109)
                        at org.testng.TestRunner.privateRun(TestRunner.java:648)
                        at org.testng.TestRunner.run(TestRunner.java:505)
                        at org.testng.SuiteRunner.runTest(SuiteRunner.java:455)
                        at org.testng.SuiteRunner.runSequentially(SuiteRunner.java:450)
                        at org.testng.SuiteRunner.privateRun(SuiteRunner.java:415)
                        at org.testng.SuiteRunner.run(SuiteRunner.java:364)
                        at org.testng.SuiteRunnerWorker.runSuite(SuiteRunnerWorker.java:52)
                        at org.testng.SuiteRunnerWorker.run(SuiteRunnerWorker.java:84)
                        at org.testng.TestNG.runSuitesSequentially(TestNG.java:1208)
                        at org.testng.TestNG.runSuitesLocally(TestNG.java:1137)
                        at org.testng.TestNG.runSuites(TestNG.java:1049)
                        at org.testng.TestNG.run(TestNG.java:1017)
                        at org.testng.remote.AbstractRemoteTestNG.run(AbstractRemoteTestNG.java:114)
                        at org.testng.remote.RemoteTestNG.initAndRun(RemoteTestNG.java:251)
                        at org.testng.remote.RemoteTestNG.main(RemoteTestNG.java:77)
                     </pre>
                  </div>
               </td>
            </tr>
            <tr id="com.volley.yinhe.testCase.CheckBuyCourse_submitOrder_byStatus_skiped_SKIP3_row"
                class="testMethodStatusSKIP">
               <td width="100%" class="firstMethodCell">
                  <a onclick="toggleDetailsVisibility('com.volley.yinhe.testCase.CheckBuyCourse_submitOrder_byStatus_skiped_SKIP3_details')">submitOrder()</a>
               </td>
               <td nowrap="true">06:03:42</td>
               <td nowrap="true" align="right">0 ms
                  
               </td>
               <td nowrap="true">
                  <a onclick="toggleDetailsVisibility('com.volley.yinhe.testCase.CheckBuyCourse_submitOrder_byStatus_skiped_SKIP3_exception')">java.lang.Throwable: 
                     Method CheckBuyCourse.submitOrder()[pri:0, instance:com.volley.yinhe.testCase.CheckBuyCourse@581ac8a8] depends on not successfully
                     finished methods
                     
                  </a>
                   
                  
               </td>
            </tr>
            <tr>
               <td colspan="4"
                   style="padding: 0; background-color: white; border-style: none; height: 0px;">
                  <div id="com.volley.yinhe.testCase.CheckBuyCourse_submitOrder_byStatus_skiped_SKIP3_details"
                       class="testMethodDetails">
                     <div>
                        <b>Name:
                           
                        </b>submitOrder
                     </div>
                     <div>
                        <b>Signature:
                           
                        </b>submitOrder()[pri:0, instance:com.volley.yinhe.testCase.CheckBuyCourse@581ac8a8]
                     </div>
                     <div>
                        <b>Start time:
                           
                        </b>06:03:42
                     </div>
                     <div>
                        <b>End time:
                           
                        </b>06:03:42
                     </div>
                     <div>
                        <b>Duration:
                           
                        </b>0 ms
                        
                     </div>
                     <div>
                        <b>Depends on methods:
                           
                        </b>
                        <div>
                               -
                           com.volley.yinhe.testCase.CheckBuyCourse.goToCheck
                        </div>
                     </div>
                  </div>
               </td>
            </tr>
            <tr>
               <td colspan="4"
                   style="padding: 0; background-color: white; border-style: none; height: 0px;">
                  <div id="com.volley.yinhe.testCase.CheckBuyCourse_submitOrder_byStatus_skiped_SKIP3_exception"
                       class="testMethodDetails">
                     <pre style="padding: 5px; margin: 0;">java.lang.Throwable: Method CheckBuyCourse.submitOrder()[pri:0, instance:com.volley.yinhe.testCase.CheckBuyCourse@581ac8a8]
                        depends on not successfully finished methods
                        at org.testng.internal.Invoker.invokeTestMethods(Invoker.java:888)
                        at org.testng.internal.TestMethodWorker.invokeTestMethods(TestMethodWorker.java:125)
                        at org.testng.internal.TestMethodWorker.run(TestMethodWorker.java:109)
                        at org.testng.TestRunner.privateRun(TestRunner.java:648)
                        at org.testng.TestRunner.run(TestRunner.java:505)
                        at org.testng.SuiteRunner.runTest(SuiteRunner.java:455)
                        at org.testng.SuiteRunner.runSequentially(SuiteRunner.java:450)
                        at org.testng.SuiteRunner.privateRun(SuiteRunner.java:415)
                        at org.testng.SuiteRunner.run(SuiteRunner.java:364)
                        at org.testng.SuiteRunnerWorker.runSuite(SuiteRunnerWorker.java:52)
                        at org.testng.SuiteRunnerWorker.run(SuiteRunnerWorker.java:84)
                        at org.testng.TestNG.runSuitesSequentially(TestNG.java:1208)
                        at org.testng.TestNG.runSuitesLocally(TestNG.java:1137)
                        at org.testng.TestNG.runSuites(TestNG.java:1049)
                        at org.testng.TestNG.run(TestNG.java:1017)
                        at org.testng.remote.AbstractRemoteTestNG.run(AbstractRemoteTestNG.java:114)
                        at org.testng.remote.RemoteTestNG.initAndRun(RemoteTestNG.java:251)
                        at org.testng.remote.RemoteTestNG.main(RemoteTestNG.java:77)
                     </pre>
                  </div>
               </td>
            </tr>
            <tr id="com.volley.yinhe.testCase.CheckBuyCourse_payOrder_byStatus_skiped_SKIP4_row"
                class="testMethodStatusSKIP">
               <td width="100%" class="firstMethodCell">
                  <a onclick="toggleDetailsVisibility('com.volley.yinhe.testCase.CheckBuyCourse_payOrder_byStatus_skiped_SKIP4_details')">payOrder()</a>
               </td>
               <td nowrap="true">06:03:42</td>
               <td nowrap="true" align="right">0 ms
                  
               </td>
               <td nowrap="true">
                  <a onclick="toggleDetailsVisibility('com.volley.yinhe.testCase.CheckBuyCourse_payOrder_byStatus_skiped_SKIP4_exception')">java.lang.Throwable: 
                     Method CheckBuyCourse.payOrder()[pri:0, instance:com.volley.yinhe.testCase.CheckBuyCourse@581ac8a8] depends on not successfully
                     finished methods
                     
                  </a>
                   
                  
               </td>
            </tr>
            <tr>
               <td colspan="4"
                   style="padding: 0; background-color: white; border-style: none; height: 0px;">
                  <div id="com.volley.yinhe.testCase.CheckBuyCourse_payOrder_byStatus_skiped_SKIP4_details"
                       class="testMethodDetails">
                     <div>
                        <b>Name:
                           
                        </b>payOrder
                     </div>
                     <div>
                        <b>Signature:
                           
                        </b>payOrder()[pri:0, instance:com.volley.yinhe.testCase.CheckBuyCourse@581ac8a8]
                     </div>
                     <div>
                        <b>Start time:
                           
                        </b>06:03:42
                     </div>
                     <div>
                        <b>End time:
                           
                        </b>06:03:42
                     </div>
                     <div>
                        <b>Duration:
                           
                        </b>0 ms
                        
                     </div>
                     <div>
                        <b>Depends on methods:
                           
                        </b>
                        <div>
                               -
                           com.volley.yinhe.testCase.CheckBuyCourse.submitOrder
                        </div>
                     </div>
                  </div>
               </td>
            </tr>
            <tr>
               <td colspan="4"
                   style="padding: 0; background-color: white; border-style: none; height: 0px;">
                  <div id="com.volley.yinhe.testCase.CheckBuyCourse_payOrder_byStatus_skiped_SKIP4_exception"
                       class="testMethodDetails">
                     <pre style="padding: 5px; margin: 0;">java.lang.Throwable: Method CheckBuyCourse.payOrder()[pri:0, instance:com.volley.yinhe.testCase.CheckBuyCourse@581ac8a8] depends
                        on not successfully finished methods
                        at org.testng.internal.Invoker.invokeTestMethods(Invoker.java:888)
                        at org.testng.internal.TestMethodWorker.invokeTestMethods(TestMethodWorker.java:125)
                        at org.testng.internal.TestMethodWorker.run(TestMethodWorker.java:109)
                        at org.testng.TestRunner.privateRun(TestRunner.java:648)
                        at org.testng.TestRunner.run(TestRunner.java:505)
                        at org.testng.SuiteRunner.runTest(SuiteRunner.java:455)
                        at org.testng.SuiteRunner.runSequentially(SuiteRunner.java:450)
                        at org.testng.SuiteRunner.privateRun(SuiteRunner.java:415)
                        at org.testng.SuiteRunner.run(SuiteRunner.java:364)
                        at org.testng.SuiteRunnerWorker.runSuite(SuiteRunnerWorker.java:52)
                        at org.testng.SuiteRunnerWorker.run(SuiteRunnerWorker.java:84)
                        at org.testng.TestNG.runSuitesSequentially(TestNG.java:1208)
                        at org.testng.TestNG.runSuitesLocally(TestNG.java:1137)
                        at org.testng.TestNG.runSuites(TestNG.java:1049)
                        at org.testng.TestNG.run(TestNG.java:1017)
                        at org.testng.remote.AbstractRemoteTestNG.run(AbstractRemoteTestNG.java:114)
                        at org.testng.remote.RemoteTestNG.initAndRun(RemoteTestNG.java:251)
                        at org.testng.remote.RemoteTestNG.main(RemoteTestNG.java:77)
                     </pre>
                  </div>
               </td>
            </tr>
         </table>
      </div>
      <div id="testMethodsByClass" style="display: none;">
         <table class="testMethodsTable" cellpadding="0" cellspacing="0">
            <tr>
               <td colspan="4">
                  <h3 style="display: inline;">com.volley.yinhe.testCase.CheckBuyCourse</h3>
               </td>
            </tr>
            <tr class="methodsTableHeader">
               <td width="100%">Name</td>
               <td nowrap="true">Started</td>
               <td nowrap="true">Duration</td>
               <td>Exception</td>
            </tr>
            <tr id="com.volley.yinhe.testCase.CheckBuyCourse_getLoginHome_byClass_PASS1_row"
                class="testMethodStatusPASS">
               <td width="100%" class="firstMethodCell">
                  <a onclick="toggleDetailsVisibility('com.volley.yinhe.testCase.CheckBuyCourse_getLoginHome_byClass_PASS1_details')">getLoginHome()</a>
               </td>
               <td nowrap="true">06:03:22</td>
               <td nowrap="true" align="right">18s
                  
               </td>
               <td nowrap="true">
                   
                  
               </td>
            </tr>
            <tr>
               <td colspan="4"
                   style="padding: 0; background-color: white; border-style: none; height: 0px;">
                  <div id="com.volley.yinhe.testCase.CheckBuyCourse_getLoginHome_byClass_PASS1_details"
                       class="testMethodDetails">
                     <div>
                        <b>Name:
                           
                        </b>getLoginHome
                     </div>
                     <div>
                        <b>Signature:
                           
                        </b>getLoginHome()[pri:0, instance:com.volley.yinhe.testCase.CheckBuyCourse@581ac8a8]
                     </div>
                     <div>
                        <b>Start time:
                           
                        </b>06:03:22
                     </div>
                     <div>
                        <b>End time:
                           
                        </b>06:03:40
                     </div>
                     <div>
                        <b>Duration:
                           
                        </b>18s
                        
                     </div>
                  </div>
               </td>
            </tr>
            <tr></tr>
            <tr id="com.volley.yinhe.testCase.CheckBuyCourse_testLogin_byClass_FAIL2_row"
                class="testMethodStatusFAIL">
               <td width="100%" class="firstMethodCell">
                  <a onclick="toggleDetailsVisibility('com.volley.yinhe.testCase.CheckBuyCourse_testLogin_byClass_FAIL2_details')">testLogin()</a>
               </td>
               <td nowrap="true">06:03:41</td>
               <td nowrap="true" align="right">0 ms
                  
               </td>
               <td nowrap="true">
                  <a onclick="toggleDetailsVisibility('com.volley.yinhe.testCase.CheckBuyCourse_testLogin_byClass_FAIL2_exception')">org.testng.TestNGException: 
                     
                     Parameter 'username' is required by @Test on method testLogin but has not been marked @Optional or defined
                     in C:\Users\孔姐\AppData\Local\Temp\testng-eclipse-1522826655\testng-customsuite.xml
                     
                  </a>
                   
                  
               </td>
            </tr>
            <tr>
               <td colspan="4"
                   style="padding: 0; background-color: white; border-style: none; height: 0px;">
                  <div id="com.volley.yinhe.testCase.CheckBuyCourse_testLogin_byClass_FAIL2_details"
                       class="testMethodDetails">
                     <div>
                        <b>Name:
                           
                        </b>testLogin
                     </div>
                     <div>
                        <b>Signature:
                           
                        </b>testLogin(java.lang.String, java.lang.String)[pri:0, instance:com.volley.yinhe.testCase.CheckBuyCourse@581ac8a8]
                     </div>
                     <div>
                        <b>Start time:
                           
                        </b>06:03:41
                     </div>
                     <div>
                        <b>End time:
                           
                        </b>06:03:41
                     </div>
                     <div>
                        <b>Duration:
                           
                        </b>0 ms
                        
                     </div>
                     <div>
                        <b>Depends on methods:
                           
                        </b>
                        <div>
                               -
                           com.volley.yinhe.testCase.CheckBuyCourse.getLoginHome
                        </div>
                     </div>
                  </div>
               </td>
            </tr>
            <tr>
               <td colspan="4"
                   style="padding: 0; background-color: white; border-style: none; height: 0px;">
                  <div id="com.volley.yinhe.testCase.CheckBuyCourse_testLogin_byClass_FAIL2_exception"
                       class="testMethodDetails">
                     <pre style="padding: 5px; margin: 0;">org.testng.TestNGException: 
                        Parameter 'username' is required by @Test on method testLogin but has not been marked @Optional or defined
                        in C:\Users\孔姐\AppData\Local\Temp\testng-eclipse-1522826655\testng-customsuite.xml
                        at org.testng.internal.Parameters.createParams(Parameters.java:290)
                        at org.testng.internal.Parameters.createParametersForMethod(Parameters.java:359)
                        at org.testng.internal.Parameters.createParameters(Parameters.java:620)
                        at org.testng.internal.Parameters.handleParameters(Parameters.java:769)
                        at org.testng.internal.ParameterHandler.handleParameters(ParameterHandler.java:49)
                        at org.testng.internal.ParameterHandler.createParameters(ParameterHandler.java:37)
                        at org.testng.internal.Invoker.invokeTestMethods(Invoker.java:924)
                        at org.testng.internal.TestMethodWorker.invokeTestMethods(TestMethodWorker.java:125)
                        at org.testng.internal.TestMethodWorker.run(TestMethodWorker.java:109)
                        at org.testng.TestRunner.privateRun(TestRunner.java:648)
                        at org.testng.TestRunner.run(TestRunner.java:505)
                        at org.testng.SuiteRunner.runTest(SuiteRunner.java:455)
                        at org.testng.SuiteRunner.runSequentially(SuiteRunner.java:450)
                        at org.testng.SuiteRunner.privateRun(SuiteRunner.java:415)
                        at org.testng.SuiteRunner.run(SuiteRunner.java:364)
                        at org.testng.SuiteRunnerWorker.runSuite(SuiteRunnerWorker.java:52)
                        at org.testng.SuiteRunnerWorker.run(SuiteRunnerWorker.java:84)
                        at org.testng.TestNG.runSuitesSequentially(TestNG.java:1208)
                        at org.testng.TestNG.runSuitesLocally(TestNG.java:1137)
                        at org.testng.TestNG.runSuites(TestNG.java:1049)
                        at org.testng.TestNG.run(TestNG.java:1017)
                        at org.testng.remote.AbstractRemoteTestNG.run(AbstractRemoteTestNG.java:114)
                        at org.testng.remote.RemoteTestNG.initAndRun(RemoteTestNG.java:251)
                        at org.testng.remote.RemoteTestNG.main(RemoteTestNG.java:77)
                     </pre>
                  </div>
               </td>
            </tr>
            <tr id="com.volley.yinhe.testCase.CheckBuyCourse_addCart_byClass_SKIP3_row"
                class="testMethodStatusSKIP">
               <td width="100%" class="firstMethodCell">
                  <a onclick="toggleDetailsVisibility('com.volley.yinhe.testCase.CheckBuyCourse_addCart_byClass_SKIP3_details')">addCart()</a>
               </td>
               <td nowrap="true">06:03:42</td>
               <td nowrap="true" align="right">0 ms
                  
               </td>
               <td nowrap="true">
                  <a onclick="toggleDetailsVisibility('com.volley.yinhe.testCase.CheckBuyCourse_addCart_byClass_SKIP3_exception')">java.lang.Throwable: 
                     Method CheckBuyCourse.addCart()[pri:0, instance:com.volley.yinhe.testCase.CheckBuyCourse@581ac8a8] depends on not successfully
                     finished methods
                     
                  </a>
                   
                  
               </td>
            </tr>
            <tr>
               <td colspan="4"
                   style="padding: 0; background-color: white; border-style: none; height: 0px;">
                  <div id="com.volley.yinhe.testCase.CheckBuyCourse_addCart_byClass_SKIP3_details"
                       class="testMethodDetails">
                     <div>
                        <b>Name:
                           
                        </b>addCart
                     </div>
                     <div>
                        <b>Signature:
                           
                        </b>addCart()[pri:0, instance:com.volley.yinhe.testCase.CheckBuyCourse@581ac8a8]
                     </div>
                     <div>
                        <b>Start time:
                           
                        </b>06:03:42
                     </div>
                     <div>
                        <b>End time:
                           
                        </b>06:03:42
                     </div>
                     <div>
                        <b>Duration:
                           
                        </b>0 ms
                        
                     </div>
                     <div>
                        <b>Depends on methods:
                           
                        </b>
                        <div>
                               -
                           com.volley.yinhe.testCase.CheckBuyCourse.testLogin
                        </div>
                     </div>
                  </div>
               </td>
            </tr>
            <tr>
               <td colspan="4"
                   style="padding: 0; background-color: white; border-style: none; height: 0px;">
                  <div id="com.volley.yinhe.testCase.CheckBuyCourse_addCart_byClass_SKIP3_exception"
                       class="testMethodDetails">
                     <pre style="padding: 5px; margin: 0;">java.lang.Throwable: Method CheckBuyCourse.addCart()[pri:0, instance:com.volley.yinhe.testCase.CheckBuyCourse@581ac8a8] depends
                        on not successfully finished methods
                        at org.testng.internal.Invoker.invokeTestMethods(Invoker.java:888)
                        at org.testng.internal.TestMethodWorker.invokeTestMethods(TestMethodWorker.java:125)
                        at org.testng.internal.TestMethodWorker.run(TestMethodWorker.java:109)
                        at org.testng.TestRunner.privateRun(TestRunner.java:648)
                        at org.testng.TestRunner.run(TestRunner.java:505)
                        at org.testng.SuiteRunner.runTest(SuiteRunner.java:455)
                        at org.testng.SuiteRunner.runSequentially(SuiteRunner.java:450)
                        at org.testng.SuiteRunner.privateRun(SuiteRunner.java:415)
                        at org.testng.SuiteRunner.run(SuiteRunner.java:364)
                        at org.testng.SuiteRunnerWorker.runSuite(SuiteRunnerWorker.java:52)
                        at org.testng.SuiteRunnerWorker.run(SuiteRunnerWorker.java:84)
                        at org.testng.TestNG.runSuitesSequentially(TestNG.java:1208)
                        at org.testng.TestNG.runSuitesLocally(TestNG.java:1137)
                        at org.testng.TestNG.runSuites(TestNG.java:1049)
                        at org.testng.TestNG.run(TestNG.java:1017)
                        at org.testng.remote.AbstractRemoteTestNG.run(AbstractRemoteTestNG.java:114)
                        at org.testng.remote.RemoteTestNG.initAndRun(RemoteTestNG.java:251)
                        at org.testng.remote.RemoteTestNG.main(RemoteTestNG.java:77)
                     </pre>
                  </div>
               </td>
            </tr>
            <tr id="com.volley.yinhe.testCase.CheckBuyCourse_goToCheck_byClass_SKIP4_row"
                class="testMethodStatusSKIP">
               <td width="100%" class="firstMethodCell">
                  <a onclick="toggleDetailsVisibility('com.volley.yinhe.testCase.CheckBuyCourse_goToCheck_byClass_SKIP4_details')">goToCheck()</a>
               </td>
               <td nowrap="true">06:03:42</td>
               <td nowrap="true" align="right">0 ms
                  
               </td>
               <td nowrap="true">
                  <a onclick="toggleDetailsVisibility('com.volley.yinhe.testCase.CheckBuyCourse_goToCheck_byClass_SKIP4_exception')">java.lang.Throwable: 
                     Method CheckBuyCourse.goToCheck()[pri:0, instance:com.volley.yinhe.testCase.CheckBuyCourse@581ac8a8] depends on not successfully
                     finished methods
                     
                  </a>
                   
                  
               </td>
            </tr>
            <tr>
               <td colspan="4"
                   style="padding: 0; background-color: white; border-style: none; height: 0px;">
                  <div id="com.volley.yinhe.testCase.CheckBuyCourse_goToCheck_byClass_SKIP4_details"
                       class="testMethodDetails">
                     <div>
                        <b>Name:
                           
                        </b>goToCheck
                     </div>
                     <div>
                        <b>Signature:
                           
                        </b>goToCheck()[pri:0, instance:com.volley.yinhe.testCase.CheckBuyCourse@581ac8a8]
                     </div>
                     <div>
                        <b>Start time:
                           
                        </b>06:03:42
                     </div>
                     <div>
                        <b>End time:
                           
                        </b>06:03:42
                     </div>
                     <div>
                        <b>Duration:
                           
                        </b>0 ms
                        
                     </div>
                     <div>
                        <b>Depends on methods:
                           
                        </b>
                        <div>
                               -
                           com.volley.yinhe.testCase.CheckBuyCourse.addCart
                        </div>
                     </div>
                  </div>
               </td>
            </tr>
            <tr>
               <td colspan="4"
                   style="padding: 0; background-color: white; border-style: none; height: 0px;">
                  <div id="com.volley.yinhe.testCase.CheckBuyCourse_goToCheck_byClass_SKIP4_exception"
                       class="testMethodDetails">
                     <pre style="padding: 5px; margin: 0;">java.lang.Throwable: Method CheckBuyCourse.goToCheck()[pri:0, instance:com.volley.yinhe.testCase.CheckBuyCourse@581ac8a8]
                        depends on not successfully finished methods
                        at org.testng.internal.Invoker.invokeTestMethods(Invoker.java:888)
                        at org.testng.internal.TestMethodWorker.invokeTestMethods(TestMethodWorker.java:125)
                        at org.testng.internal.TestMethodWorker.run(TestMethodWorker.java:109)
                        at org.testng.TestRunner.privateRun(TestRunner.java:648)
                        at org.testng.TestRunner.run(TestRunner.java:505)
                        at org.testng.SuiteRunner.runTest(SuiteRunner.java:455)
                        at org.testng.SuiteRunner.runSequentially(SuiteRunner.java:450)
                        at org.testng.SuiteRunner.privateRun(SuiteRunner.java:415)
                        at org.testng.SuiteRunner.run(SuiteRunner.java:364)
                        at org.testng.SuiteRunnerWorker.runSuite(SuiteRunnerWorker.java:52)
                        at org.testng.SuiteRunnerWorker.run(SuiteRunnerWorker.java:84)
                        at org.testng.TestNG.runSuitesSequentially(TestNG.java:1208)
                        at org.testng.TestNG.runSuitesLocally(TestNG.java:1137)
                        at org.testng.TestNG.runSuites(TestNG.java:1049)
                        at org.testng.TestNG.run(TestNG.java:1017)
                        at org.testng.remote.AbstractRemoteTestNG.run(AbstractRemoteTestNG.java:114)
                        at org.testng.remote.RemoteTestNG.initAndRun(RemoteTestNG.java:251)
                        at org.testng.remote.RemoteTestNG.main(RemoteTestNG.java:77)
                     </pre>
                  </div>
               </td>
            </tr>
            <tr id="com.volley.yinhe.testCase.CheckBuyCourse_submitOrder_byClass_SKIP5_row"
                class="testMethodStatusSKIP">
               <td width="100%" class="firstMethodCell">
                  <a onclick="toggleDetailsVisibility('com.volley.yinhe.testCase.CheckBuyCourse_submitOrder_byClass_SKIP5_details')">submitOrder()</a>
               </td>
               <td nowrap="true">06:03:42</td>
               <td nowrap="true" align="right">0 ms
                  
               </td>
               <td nowrap="true">
                  <a onclick="toggleDetailsVisibility('com.volley.yinhe.testCase.CheckBuyCourse_submitOrder_byClass_SKIP5_exception')">java.lang.Throwable: 
                     Method CheckBuyCourse.submitOrder()[pri:0, instance:com.volley.yinhe.testCase.CheckBuyCourse@581ac8a8] depends on not successfully
                     finished methods
                     
                  </a>
                   
                  
               </td>
            </tr>
            <tr>
               <td colspan="4"
                   style="padding: 0; background-color: white; border-style: none; height: 0px;">
                  <div id="com.volley.yinhe.testCase.CheckBuyCourse_submitOrder_byClass_SKIP5_details"
                       class="testMethodDetails">
                     <div>
                        <b>Name:
                           
                        </b>submitOrder
                     </div>
                     <div>
                        <b>Signature:
                           
                        </b>submitOrder()[pri:0, instance:com.volley.yinhe.testCase.CheckBuyCourse@581ac8a8]
                     </div>
                     <div>
                        <b>Start time:
                           
                        </b>06:03:42
                     </div>
                     <div>
                        <b>End time:
                           
                        </b>06:03:42
                     </div>
                     <div>
                        <b>Duration:
                           
                        </b>0 ms
                        
                     </div>
                     <div>
                        <b>Depends on methods:
                           
                        </b>
                        <div>
                               -
                           com.volley.yinhe.testCase.CheckBuyCourse.goToCheck
                        </div>
                     </div>
                  </div>
               </td>
            </tr>
            <tr>
               <td colspan="4"
                   style="padding: 0; background-color: white; border-style: none; height: 0px;">
                  <div id="com.volley.yinhe.testCase.CheckBuyCourse_submitOrder_byClass_SKIP5_exception"
                       class="testMethodDetails">
                     <pre style="padding: 5px; margin: 0;">java.lang.Throwable: Method CheckBuyCourse.submitOrder()[pri:0, instance:com.volley.yinhe.testCase.CheckBuyCourse@581ac8a8]
                        depends on not successfully finished methods
                        at org.testng.internal.Invoker.invokeTestMethods(Invoker.java:888)
                        at org.testng.internal.TestMethodWorker.invokeTestMethods(TestMethodWorker.java:125)
                        at org.testng.internal.TestMethodWorker.run(TestMethodWorker.java:109)
                        at org.testng.TestRunner.privateRun(TestRunner.java:648)
                        at org.testng.TestRunner.run(TestRunner.java:505)
                        at org.testng.SuiteRunner.runTest(SuiteRunner.java:455)
                        at org.testng.SuiteRunner.runSequentially(SuiteRunner.java:450)
                        at org.testng.SuiteRunner.privateRun(SuiteRunner.java:415)
                        at org.testng.SuiteRunner.run(SuiteRunner.java:364)
                        at org.testng.SuiteRunnerWorker.runSuite(SuiteRunnerWorker.java:52)
                        at org.testng.SuiteRunnerWorker.run(SuiteRunnerWorker.java:84)
                        at org.testng.TestNG.runSuitesSequentially(TestNG.java:1208)
                        at org.testng.TestNG.runSuitesLocally(TestNG.java:1137)
                        at org.testng.TestNG.runSuites(TestNG.java:1049)
                        at org.testng.TestNG.run(TestNG.java:1017)
                        at org.testng.remote.AbstractRemoteTestNG.run(AbstractRemoteTestNG.java:114)
                        at org.testng.remote.RemoteTestNG.initAndRun(RemoteTestNG.java:251)
                        at org.testng.remote.RemoteTestNG.main(RemoteTestNG.java:77)
                     </pre>
                  </div>
               </td>
            </tr>
            <tr id="com.volley.yinhe.testCase.CheckBuyCourse_payOrder_byClass_SKIP6_row"
                class="testMethodStatusSKIP">
               <td width="100%" class="firstMethodCell">
                  <a onclick="toggleDetailsVisibility('com.volley.yinhe.testCase.CheckBuyCourse_payOrder_byClass_SKIP6_details')">payOrder()</a>
               </td>
               <td nowrap="true">06:03:42</td>
               <td nowrap="true" align="right">0 ms
                  
               </td>
               <td nowrap="true">
                  <a onclick="toggleDetailsVisibility('com.volley.yinhe.testCase.CheckBuyCourse_payOrder_byClass_SKIP6_exception')">java.lang.Throwable: 
                     Method CheckBuyCourse.payOrder()[pri:0, instance:com.volley.yinhe.testCase.CheckBuyCourse@581ac8a8] depends on not successfully
                     finished methods
                     
                  </a>
                   
                  
               </td>
            </tr>
            <tr>
               <td colspan="4"
                   style="padding: 0; background-color: white; border-style: none; height: 0px;">
                  <div id="com.volley.yinhe.testCase.CheckBuyCourse_payOrder_byClass_SKIP6_details"
                       class="testMethodDetails">
                     <div>
                        <b>Name:
                           
                        </b>payOrder
                     </div>
                     <div>
                        <b>Signature:
                           
                        </b>payOrder()[pri:0, instance:com.volley.yinhe.testCase.CheckBuyCourse@581ac8a8]
                     </div>
                     <div>
                        <b>Start time:
                           
                        </b>06:03:42
                     </div>
                     <div>
                        <b>End time:
                           
                        </b>06:03:42
                     </div>
                     <div>
                        <b>Duration:
                           
                        </b>0 ms
                        
                     </div>
                     <div>
                        <b>Depends on methods:
                           
                        </b>
                        <div>
                               -
                           com.volley.yinhe.testCase.CheckBuyCourse.submitOrder
                        </div>
                     </div>
                  </div>
               </td>
            </tr>
            <tr>
               <td colspan="4"
                   style="padding: 0; background-color: white; border-style: none; height: 0px;">
                  <div id="com.volley.yinhe.testCase.CheckBuyCourse_payOrder_byClass_SKIP6_exception"
                       class="testMethodDetails">
                     <pre style="padding: 5px; margin: 0;">java.lang.Throwable: Method CheckBuyCourse.payOrder()[pri:0, instance:com.volley.yinhe.testCase.CheckBuyCourse@581ac8a8] depends
                        on not successfully finished methods
                        at org.testng.internal.Invoker.invokeTestMethods(Invoker.java:888)
                        at org.testng.internal.TestMethodWorker.invokeTestMethods(TestMethodWorker.java:125)
                        at org.testng.internal.TestMethodWorker.run(TestMethodWorker.java:109)
                        at org.testng.TestRunner.privateRun(TestRunner.java:648)
                        at org.testng.TestRunner.run(TestRunner.java:505)
                        at org.testng.SuiteRunner.runTest(SuiteRunner.java:455)
                        at org.testng.SuiteRunner.runSequentially(SuiteRunner.java:450)
                        at org.testng.SuiteRunner.privateRun(SuiteRunner.java:415)
                        at org.testng.SuiteRunner.run(SuiteRunner.java:364)
                        at org.testng.SuiteRunnerWorker.runSuite(SuiteRunnerWorker.java:52)
                        at org.testng.SuiteRunnerWorker.run(SuiteRunnerWorker.java:84)
                        at org.testng.TestNG.runSuitesSequentially(TestNG.java:1208)
                        at org.testng.TestNG.runSuitesLocally(TestNG.java:1137)
                        at org.testng.TestNG.runSuites(TestNG.java:1049)
                        at org.testng.TestNG.run(TestNG.java:1017)
                        at org.testng.remote.AbstractRemoteTestNG.run(AbstractRemoteTestNG.java:114)
                        at org.testng.remote.RemoteTestNG.initAndRun(RemoteTestNG.java:251)
                        at org.testng.remote.RemoteTestNG.main(RemoteTestNG.java:77)
                     </pre>
                  </div>
               </td>
            </tr>
         </table>
         <br></br>
      </div>
      <div style="margin-top: 15px; color: gray; text-align: center; font-size: 9px;">
         Generated with
         
         <a href="http://code.google.com/p/testng-xslt/" style="color: #8888aa;"
            target="_blank">
            TestNG XSLT
            
         </a>
      </div>
   </body>
</html>