<?xml version="1.0" encoding="UTF-8"?>
<!-- Generated by org.testng.reporters.JUnitReportReporter -->
<testsuite skipped="0" hostname="DESKTOP-4OGRH8L" name="com.volley.yinhe.testCase.CheckBuyCourse" tests="12" failures="0" timestamp="01 四月 2019 07:04:23 GMT" time="145.802" errors="1">
  <testcase name="submitOrder" time="5.377" classname="com.volley.yinhe.testCase.CheckBuyCourse"/>
  <testcase name="testLogin" time="8.535" classname="com.volley.yinhe.testCase.CheckBuyCourse"/>
  <testcase name="goToCheck" time="11.833" classname="com.volley.yinhe.testCase.CheckBuyCourse"/>
  <testcase name="getLoginHome" time="14.645" classname="com.volley.yinhe.testCase.CheckBuyCourse"/>
  <testcase name="testLogin" time="3.410" classname="com.volley.yinhe.testCase.CheckBuyCourse"/>
  <testcase name="payOrder" time="2.661" classname="com.volley.yinhe.testCase.CheckBuyCourse"/>
  <testcase name="submitOrder" time="5.481" classname="com.volley.yinhe.testCase.CheckBuyCourse"/>
  <testcase name="getLoginHome" time="15.371" classname="com.volley.yinhe.testCase.CheckBuyCourse"/>
  <testcase name="addCart" time="44.351" classname="com.volley.yinhe.testCase.CheckBuyCourse"/>
  <testcase name="addCart" time="19.445" classname="com.volley.yinhe.testCase.CheckBuyCourse"/>
  <testcase name="goToCheck" time="12.682" classname="com.volley.yinhe.testCase.CheckBuyCourse"/>
  <testcase name="payOrder" time="2.011" classname="com.volley.yinhe.testCase.CheckBuyCourse">
    <error type="org.openqa.selenium.NoSuchElementException" message="Unable to locate element: .order
For documentation on this error, please visit: http://seleniumhq.org/exceptions/no_such_element.html
Build info: version: &#039;3.9.1&#039;, revision: &#039;63f7b50&#039;, time: &#039;2018-02-07T22:25:02.294Z&#039;
System info: host: &#039;DESKTOP-4OGRH8L&#039;, ip: &#039;192.168.40.1&#039;, os.name: &#039;Windows 10&#039;, os.arch: &#039;amd64&#039;, os.version: &#039;10.0&#039;, java.version: &#039;1.8.0_131&#039;
Driver info: org.openqa.selenium.firefox.FirefoxDriver
Capabilities {acceptInsecureCerts: true, browserName: firefox, browserVersion: 66.0, javascriptEnabled: true, moz:accessibilityChecks: false, moz:geckodriverVersion: 0.24.0, moz:headless: false, moz:processID: 1372, moz:profile: C:\Users\孔姐\AppData\Local\T..., moz:shutdownTimeout: 60000, moz:useNonSpecCompliantPointerOrigin: false, moz:webdriverClick: true, pageLoadStrategy: normal, platform: WINDOWS, platformName: WINDOWS, platformVersion: 10.0, rotatable: false, setWindowRect: true, strictFileInteractability: false, timeouts: {implicit: 0, pageLoad: 300000, script: 30000}, unhandledPromptBehavior: dismiss and notify}
Session ID: 4d3d18c0-95b0-49b2-8b0f-76fa2bc65c97
*** Element info: {Using=class name, value=order}">
      <![CDATA[org.openqa.selenium.NoSuchElementException: Unable to locate element: .order
For documentation on this error, please visit: http://seleniumhq.org/exceptions/no_such_element.html
Build info: version: '3.9.1', revision: '63f7b50', time: '2018-02-07T22:25:02.294Z'
System info: host: 'DESKTOP-4OGRH8L', ip: '192.168.40.1', os.name: 'Windows 10', os.arch: 'amd64', os.version: '10.0', java.version: '1.8.0_131'
Driver info: org.openqa.selenium.firefox.FirefoxDriver
Capabilities {acceptInsecureCerts: true, browserName: firefox, browserVersion: 66.0, javascriptEnabled: true, moz:accessibilityChecks: false, moz:geckodriverVersion: 0.24.0, moz:headless: false, moz:processID: 1372, moz:profile: C:\Users\孔姐\AppData\Local\T..., moz:shutdownTimeout: 60000, moz:useNonSpecCompliantPointerOrigin: false, moz:webdriverClick: true, pageLoadStrategy: normal, platform: WINDOWS, platformName: WINDOWS, platformVersion: 10.0, rotatable: false, setWindowRect: true, strictFileInteractability: false, timeouts: {implicit: 0, pageLoad: 300000, script: 30000}, unhandledPromptBehavior: dismiss and notify}
Session ID: 4d3d18c0-95b0-49b2-8b0f-76fa2bc65c97
*** Element info: {Using=class name, value=order}
at sun.reflect.NativeConstructorAccessorImpl.newInstance0(Native Method)
at sun.reflect.NativeConstructorAccessorImpl.newInstance(Unknown Source)
at sun.reflect.DelegatingConstructorAccessorImpl.newInstance(Unknown Source)
at java.lang.reflect.Constructor.newInstance(Unknown Source)
at org.openqa.selenium.remote.http.W3CHttpResponseCodec.createException(W3CHttpResponseCodec.java:187)
at org.openqa.selenium.remote.http.W3CHttpResponseCodec.decode(W3CHttpResponseCodec.java:122)
at org.openqa.selenium.remote.http.W3CHttpResponseCodec.decode(W3CHttpResponseCodec.java:49)
at org.openqa.selenium.remote.HttpCommandExecutor.execute(HttpCommandExecutor.java:160)
at org.openqa.selenium.remote.service.DriverCommandExecutor.execute(DriverCommandExecutor.java:83)
at org.openqa.selenium.remote.RemoteWebDriver.execute(RemoteWebDriver.java:601)
at org.openqa.selenium.remote.RemoteWebDriver.findElement(RemoteWebDriver.java:371)
at org.openqa.selenium.remote.RemoteWebDriver.findElementByClassName(RemoteWebDriver.java:457)
at org.openqa.selenium.By$ByClassName.findElement(By.java:391)
at org.openqa.selenium.remote.RemoteWebDriver.findElement(RemoteWebDriver.java:363)
at com.volley.yinhe.base.DriverBase.findElement(DriverBase.java:51)
at com.volley.yinhe.page.BasePage.element(BasePage.java:23)
at com.volley.yinhe.page.PayPage.getOrderText(PayPage.java:22)
at com.volley.yinhe.handle.PayPageHandle.getOrderText(PayPageHandle.java:27)
at com.volley.yinhe.bussiness.PayPagePro.clickPayButton(PayPagePro.java:25)
at com.volley.yinhe.testCase.CheckBuyCourse.payOrder(CheckBuyCourse.java:139)
at sun.reflect.NativeMethodAccessorImpl.invoke0(Native Method)
at sun.reflect.NativeMethodAccessorImpl.invoke(Unknown Source)
at sun.reflect.DelegatingMethodAccessorImpl.invoke(Unknown Source)
at java.lang.reflect.Method.invoke(Unknown Source)
at org.testng.internal.MethodInvocationHelper.invokeMethod(MethodInvocationHelper.java:124)
at org.testng.internal.Invoker.invokeMethod(Invoker.java:583)
at org.testng.internal.Invoker.invokeTestMethod(Invoker.java:719)
at org.testng.internal.Invoker.invokeTestMethods(Invoker.java:989)
at org.testng.internal.TestMethodWorker.invokeTestMethods(TestMethodWorker.java:125)
at org.testng.internal.TestMethodWorker.run(TestMethodWorker.java:109)
at java.util.concurrent.ThreadPoolExecutor.runWorker(Unknown Source)
at java.util.concurrent.ThreadPoolExecutor$Worker.run(Unknown Source)
at java.lang.Thread.run(Unknown Source)
]]>
    </error>
  </testcase> <!-- payOrder -->
</testsuite> <!-- com.volley.yinhe.testCase.CheckBuyCourse -->
